[Sat Jun 08 19:00:29.940263 2024] [ssl:warn] [pid 37660:tid 232] AH01909: www.example.com:443:0 server certificate does NOT include an ID which matches the server name
[Sat Jun 08 19:00:29.964869 2024] [ssl:warn] [pid 37660:tid 232] AH01909: www.example.com:443:0 server certificate does NOT include an ID which matches the server name
[Sat Jun 08 19:00:29.993321 2024] [mpm_winnt:notice] [pid 37660:tid 232] AH00455: Apache/2.4.58 (Win64) OpenSSL/3.1.3 PHP/8.2.12 configured -- resuming normal operations
[Sat Jun 08 19:00:29.993321 2024] [mpm_winnt:notice] [pid 37660:tid 232] AH00456: Apache Lounge VS17 Server built: Oct 18 2023 13:03:18
[Sat Jun 08 19:00:29.993321 2024] [core:notice] [pid 37660:tid 232] AH00094: Command line: 'c:\\xampp2\\apache\\bin\\httpd.exe -d C:/xampp2/apache'
[Sat Jun 08 19:00:29.999003 2024] [mpm_winnt:notice] [pid 37660:tid 232] AH00418: Parent: Created child process 31312
[Sat Jun 08 19:00:30.266755 2024] [ssl:warn] [pid 31312:tid 408] AH01909: www.example.com:443:0 server certificate does NOT include an ID which matches the server name
[Sat Jun 08 19:00:30.287352 2024] [ssl:warn] [pid 31312:tid 408] AH01909: www.example.com:443:0 server certificate does NOT include an ID which matches the server name
[Sat Jun 08 19:00:30.309051 2024] [mpm_winnt:notice] [pid 31312:tid 408] AH00354: Child: Starting 150 worker threads.
[Sat Jun 08 19:01:28.565129 2024] [mpm_winnt:crit] [pid 31312:tid 408] AH02538: Child: Parent process exited abruptly. Child process is ending
[Sat Jun 08 19:03:38.170745 2024] [ssl:warn] [pid 15256:tid 232] AH01909: www.example.com:443:0 server certificate does NOT include an ID which matches the server name
[Sat Jun 08 19:03:38.202119 2024] [core:warn] [pid 15256:tid 232] AH00098: pid file C:/xampp2/apache/logs/httpd.pid overwritten -- Unclean shutdown of previous Apache run?
[Sat Jun 08 19:03:38.202119 2024] [ssl:warn] [pid 15256:tid 232] AH01909: www.example.com:443:0 server certificate does NOT include an ID which matches the server name
[Sat Jun 08 19:03:38.228813 2024] [mpm_winnt:notice] [pid 15256:tid 232] AH00455: Apache/2.4.58 (Win64) OpenSSL/3.1.3 PHP/8.2.12 configured -- resuming normal operations
[Sat Jun 08 19:03:38.228813 2024] [mpm_winnt:notice] [pid 15256:tid 232] AH00456: Apache Lounge VS17 Server built: Oct 18 2023 13:03:18
[Sat Jun 08 19:03:38.228813 2024] [core:notice] [pid 15256:tid 232] AH00094: Command line: 'c:\\xampp2\\apache\\bin\\httpd.exe -d C:/xampp2/apache'
[Sat Jun 08 19:03:38.232839 2024] [mpm_winnt:notice] [pid 15256:tid 232] AH00418: Parent: Created child process 35524
[Sat Jun 08 19:03:38.477347 2024] [ssl:warn] [pid 35524:tid 412] AH01909: www.example.com:443:0 server certificate does NOT include an ID which matches the server name
[Sat Jun 08 19:03:38.508713 2024] [ssl:warn] [pid 35524:tid 412] AH01909: www.example.com:443:0 server certificate does NOT include an ID which matches the server name
[Sat Jun 08 19:03:38.524209 2024] [mpm_winnt:notice] [pid 35524:tid 412] AH00354: Child: Starting 150 worker threads.
[Sat Jun 08 19:04:29.040999 2024] [mpm_winnt:crit] [pid 35524:tid 412] AH02538: Child: Parent process exited abruptly. Child process is ending
[Sat Jun 08 19:05:38.458367 2024] [ssl:warn] [pid 34580:tid 404] AH01909: www.example.com:443:0 server certificate does NOT include an ID which matches the server name
[Sat Jun 08 19:05:38.489595 2024] [core:warn] [pid 34580:tid 404] AH00098: pid file C:/xampp2/apache/logs/httpd.pid overwritten -- Unclean shutdown of previous Apache run?
[Sat Jun 08 19:05:38.489595 2024] [ssl:warn] [pid 34580:tid 404] AH01909: www.example.com:443:0 server certificate does NOT include an ID which matches the server name
[Sat Jun 08 19:05:38.505255 2024] [mpm_winnt:notice] [pid 34580:tid 404] AH00455: Apache/2.4.58 (Win64) OpenSSL/3.1.3 PHP/8.2.12 configured -- resuming normal operations
[Sat Jun 08 19:05:38.505255 2024] [mpm_winnt:notice] [pid 34580:tid 404] AH00456: Apache Lounge VS17 Server built: Oct 18 2023 13:03:18
[Sat Jun 08 19:05:38.505255 2024] [core:notice] [pid 34580:tid 404] AH00094: Command line: 'c:\\xampp2\\apache\\bin\\httpd.exe -d C:/xampp2/apache'
[Sat Jun 08 19:05:38.520821 2024] [mpm_winnt:notice] [pid 34580:tid 404] AH00418: Parent: Created child process 33232
[Sat Jun 08 19:05:38.772169 2024] [ssl:warn] [pid 33232:tid 420] AH01909: www.example.com:443:0 server certificate does NOT include an ID which matches the server name
[Sat Jun 08 19:05:38.787698 2024] [ssl:warn] [pid 33232:tid 420] AH01909: www.example.com:443:0 server certificate does NOT include an ID which matches the server name
[Sat Jun 08 19:05:38.826956 2024] [mpm_winnt:notice] [pid 33232:tid 420] AH00354: Child: Starting 150 worker threads.
[Sat Jun 08 19:16:28.787252 2024] [mpm_winnt:crit] [pid 33232:tid 420] AH02538: Child: Parent process exited abruptly. Child process is ending
[Sun Jun 09 14:57:24.110403 2024] [ssl:warn] [pid 13960:tid 376] AH01909: www.example.com:443:0 server certificate does NOT include an ID which matches the server name
[Sun Jun 09 14:57:24.141669 2024] [core:warn] [pid 13960:tid 376] AH00098: pid file C:/xampp2/apache/logs/httpd.pid overwritten -- Unclean shutdown of previous Apache run?
[Sun Jun 09 14:57:24.141669 2024] [ssl:warn] [pid 13960:tid 376] AH01909: www.example.com:443:0 server certificate does NOT include an ID which matches the server name
[Sun Jun 09 14:57:24.503980 2024] [mpm_winnt:notice] [pid 13960:tid 376] AH00455: Apache/2.4.58 (Win64) OpenSSL/3.1.3 PHP/8.2.12 configured -- resuming normal operations
[Sun Jun 09 14:57:24.503980 2024] [mpm_winnt:notice] [pid 13960:tid 376] AH00456: Apache Lounge VS17 Server built: Oct 18 2023 13:03:18
[Sun Jun 09 14:57:24.503980 2024] [core:notice] [pid 13960:tid 376] AH00094: Command line: 'c:\\xampp2\\apache\\bin\\httpd.exe -d C:/xampp2/apache'
[Sun Jun 09 14:57:24.503980 2024] [mpm_winnt:notice] [pid 13960:tid 376] AH00418: Parent: Created child process 11164
[Sun Jun 09 14:57:24.723529 2024] [ssl:warn] [pid 11164:tid 380] AH01909: www.example.com:443:0 server certificate does NOT include an ID which matches the server name
[Sun Jun 09 14:57:24.739158 2024] [ssl:warn] [pid 11164:tid 380] AH01909: www.example.com:443:0 server certificate does NOT include an ID which matches the server name
[Sun Jun 09 14:57:24.770507 2024] [mpm_winnt:notice] [pid 11164:tid 380] AH00354: Child: Starting 150 worker threads.
[Sun Jun 09 15:03:38.911870 2024] [ssl:warn] [pid 30460:tid 356] AH01909: www.example.com:443:0 server certificate does NOT include an ID which matches the server name
[Sun Jun 09 15:03:38.927511 2024] [core:warn] [pid 30460:tid 356] AH00098: pid file C:/xampp2/apache/logs/httpd.pid overwritten -- Unclean shutdown of previous Apache run?
[Sun Jun 09 15:03:38.927511 2024] [ssl:warn] [pid 30460:tid 356] AH01909: www.example.com:443:0 server certificate does NOT include an ID which matches the server name
[Sun Jun 09 15:03:38.958825 2024] [mpm_winnt:notice] [pid 30460:tid 356] AH00455: Apache/2.4.58 (Win64) OpenSSL/3.1.3 PHP/8.2.12 configured -- resuming normal operations
[Sun Jun 09 15:03:38.958825 2024] [mpm_winnt:notice] [pid 30460:tid 356] AH00456: Apache Lounge VS17 Server built: Oct 18 2023 13:03:18
[Sun Jun 09 15:03:38.958825 2024] [core:notice] [pid 30460:tid 356] AH00094: Command line: 'c:\\xampp2\\apache\\bin\\httpd.exe -d C:/xampp2/apache'
[Sun Jun 09 15:03:38.958825 2024] [mpm_winnt:notice] [pid 30460:tid 356] AH00418: Parent: Created child process 14588
[Sun Jun 09 15:03:39.163970 2024] [ssl:warn] [pid 14588:tid 356] AH01909: www.example.com:443:0 server certificate does NOT include an ID which matches the server name
[Sun Jun 09 15:03:39.179537 2024] [ssl:warn] [pid 14588:tid 356] AH01909: www.example.com:443:0 server certificate does NOT include an ID which matches the server name
[Sun Jun 09 15:03:39.211951 2024] [mpm_winnt:notice] [pid 14588:tid 356] AH00354: Child: Starting 150 worker threads.
[Sun Jun 09 15:04:17.013966 2024] [mpm_winnt:crit] [pid 14588:tid 356] AH02538: Child: Parent process exited abruptly. Child process is ending
[Sun Jun 09 15:05:21.728091 2024] [ssl:warn] [pid 17180:tid 408] AH01909: www.example.com:443:0 server certificate does NOT include an ID which matches the server name
[Sun Jun 09 15:05:21.761830 2024] [core:warn] [pid 17180:tid 408] AH00098: pid file C:/xampp2/apache/logs/httpd.pid overwritten -- Unclean shutdown of previous Apache run?
[Sun Jun 09 15:05:21.764130 2024] [ssl:warn] [pid 17180:tid 408] AH01909: www.example.com:443:0 server certificate does NOT include an ID which matches the server name
[Sun Jun 09 15:05:21.787967 2024] [mpm_winnt:notice] [pid 17180:tid 408] AH00455: Apache/2.4.58 (Win64) OpenSSL/3.1.3 PHP/8.2.12 configured -- resuming normal operations
[Sun Jun 09 15:05:21.787967 2024] [mpm_winnt:notice] [pid 17180:tid 408] AH00456: Apache Lounge VS17 Server built: Oct 18 2023 13:03:18
[Sun Jun 09 15:05:21.787967 2024] [core:notice] [pid 17180:tid 408] AH00094: Command line: 'c:\\xampp2\\apache\\bin\\httpd.exe -d C:/xampp2/apache'
[Sun Jun 09 15:05:21.787967 2024] [mpm_winnt:notice] [pid 17180:tid 408] AH00418: Parent: Created child process 5124
[Sun Jun 09 15:05:21.991190 2024] [ssl:warn] [pid 5124:tid 380] AH01909: www.example.com:443:0 server certificate does NOT include an ID which matches the server name
[Sun Jun 09 15:05:22.022425 2024] [ssl:warn] [pid 5124:tid 380] AH01909: www.example.com:443:0 server certificate does NOT include an ID which matches the server name
[Sun Jun 09 15:05:22.054080 2024] [mpm_winnt:notice] [pid 5124:tid 380] AH00354: Child: Starting 150 worker threads.
[Sun Jun 09 15:06:20.869144 2024] [php:warn] [pid 5124:tid 1892] [client ::1:57531] PHP Warning:  Undefined array key "thutu" in C:\\xampp2\\htdocs\\web_ban_do_noi_that\\bootstrap-5.3.3-dist\\admincp\\modules\\quanlidanhmucsp\\xuly.php on line 4, referer: http://localhost/web_ban_do_noi_that/bootstrap-5.3.3-dist/admincp/index.php?action=quanlidanhmucsanpham&query=them
[Sun Jun 09 15:06:20.869144 2024] [php:error] [pid 5124:tid 1892] [client ::1:57531] PHP Fatal error:  Uncaught mysqli_sql_exception: Unknown column 'number_category' in 'field list' in C:\\xampp2\\htdocs\\web_ban_do_noi_that\\bootstrap-5.3.3-dist\\admincp\\modules\\quanlidanhmucsp\\xuly.php:7\nStack trace:\n#0 C:\\xampp2\\htdocs\\web_ban_do_noi_that\\bootstrap-5.3.3-dist\\admincp\\modules\\quanlidanhmucsp\\xuly.php(7): mysqli_query(Object(mysqli), 'INSERT INTO tbl...')\n#1 {main}\n  thrown in C:\\xampp2\\htdocs\\web_ban_do_noi_that\\bootstrap-5.3.3-dist\\admincp\\modules\\quanlidanhmucsp\\xuly.php on line 7, referer: http://localhost/web_ban_do_noi_that/bootstrap-5.3.3-dist/admincp/index.php?action=quanlidanhmucsanpham&query=them
[Sun Jun 09 15:06:33.552390 2024] [php:warn] [pid 5124:tid 1892] [client ::1:57549] PHP Warning:  Undefined array key "thutu" in C:\\xampp2\\htdocs\\web_ban_do_noi_that\\bootstrap-5.3.3-dist\\admincp\\modules\\quanlidanhmucsp\\xuly.php on line 4, referer: http://localhost/web_ban_do_noi_that/bootstrap-5.3.3-dist/admincp/index.php?action=quanlidanhmucsanpham&query=them
[Sun Jun 09 15:06:33.553516 2024] [php:error] [pid 5124:tid 1892] [client ::1:57549] PHP Fatal error:  Uncaught mysqli_sql_exception: Unknown column 'number_category' in 'field list' in C:\\xampp2\\htdocs\\web_ban_do_noi_that\\bootstrap-5.3.3-dist\\admincp\\modules\\quanlidanhmucsp\\xuly.php:7\nStack trace:\n#0 C:\\xampp2\\htdocs\\web_ban_do_noi_that\\bootstrap-5.3.3-dist\\admincp\\modules\\quanlidanhmucsp\\xuly.php(7): mysqli_query(Object(mysqli), 'INSERT INTO tbl...')\n#1 {main}\n  thrown in C:\\xampp2\\htdocs\\web_ban_do_noi_that\\bootstrap-5.3.3-dist\\admincp\\modules\\quanlidanhmucsp\\xuly.php on line 7, referer: http://localhost/web_ban_do_noi_that/bootstrap-5.3.3-dist/admincp/index.php?action=quanlidanhmucsanpham&query=them
[Sun Jun 09 15:10:53.527102 2024] [ssl:warn] [pid 36780:tid 356] AH01909: www.example.com:443:0 server certificate does NOT include an ID which matches the server name
[Sun Jun 09 15:10:53.558955 2024] [core:warn] [pid 36780:tid 356] AH00098: pid file C:/xampp2/apache/logs/httpd.pid overwritten -- Unclean shutdown of previous Apache run?
[Sun Jun 09 15:10:53.558955 2024] [ssl:warn] [pid 36780:tid 356] AH01909: www.example.com:443:0 server certificate does NOT include an ID which matches the server name
[Sun Jun 09 15:10:53.574693 2024] [mpm_winnt:notice] [pid 36780:tid 356] AH00455: Apache/2.4.58 (Win64) OpenSSL/3.1.3 PHP/8.2.12 configured -- resuming normal operations
[Sun Jun 09 15:10:53.574693 2024] [mpm_winnt:notice] [pid 36780:tid 356] AH00456: Apache Lounge VS17 Server built: Oct 18 2023 13:03:18
[Sun Jun 09 15:10:53.574693 2024] [core:notice] [pid 36780:tid 356] AH00094: Command line: 'c:\\xampp2\\apache\\bin\\httpd.exe -d C:/xampp2/apache'
[Sun Jun 09 15:10:53.590290 2024] [mpm_winnt:notice] [pid 36780:tid 356] AH00418: Parent: Created child process 36356
[Sun Jun 09 15:10:53.889706 2024] [ssl:warn] [pid 36356:tid 356] AH01909: www.example.com:443:0 server certificate does NOT include an ID which matches the server name
[Sun Jun 09 15:10:53.920950 2024] [ssl:warn] [pid 36356:tid 356] AH01909: www.example.com:443:0 server certificate does NOT include an ID which matches the server name
[Sun Jun 09 15:10:53.936586 2024] [mpm_winnt:notice] [pid 36356:tid 356] AH00354: Child: Starting 150 worker threads.
[Sun Jun 09 15:11:27.212006 2024] [php:warn] [pid 36356:tid 1896] [client ::1:57695] PHP Warning:  Undefined array key "thutu" in C:\\xampp2\\htdocs\\web_ban_do_noi_that\\bootstrap-5.3.3-dist\\admincp\\modules\\quanlidanhmucsp\\xuly.php on line 4, referer: http://localhost/web_ban_do_noi_that/bootstrap-5.3.3-dist/admincp/index.php?action=quanlidanhmucsanpham&query=them
[Sun Jun 09 15:11:34.627134 2024] [php:warn] [pid 36356:tid 1896] [client ::1:57745] PHP Warning:  Undefined array key "thutu" in C:\\xampp2\\htdocs\\web_ban_do_noi_that\\bootstrap-5.3.3-dist\\admincp\\modules\\quanlidanhmucsp\\xuly.php on line 4, referer: http://localhost/web_ban_do_noi_that/bootstrap-5.3.3-dist/admincp/index.php?action=quanlidanhmucsanpham&query=them
[Sun Jun 09 15:11:38.999158 2024] [php:warn] [pid 36356:tid 1896] [client ::1:57745] PHP Warning:  Undefined array key "thutu" in C:\\xampp2\\htdocs\\web_ban_do_noi_that\\bootstrap-5.3.3-dist\\admincp\\modules\\quanlidanhmucsp\\xuly.php on line 4, referer: http://localhost/web_ban_do_noi_that/bootstrap-5.3.3-dist/admincp/index.php?action=quanlidanhmucsanpham&query=them
[Sun Jun 09 15:11:48.375164 2024] [php:warn] [pid 36356:tid 1924] [client ::1:57746] PHP Warning:  Undefined array key "thutu" in C:\\xampp2\\htdocs\\web_ban_do_noi_that\\bootstrap-5.3.3-dist\\admincp\\modules\\quanlidanhmucsp\\xuly.php on line 4, referer: http://localhost/web_ban_do_noi_that/bootstrap-5.3.3-dist/admincp/index.php?action=quanlidanhmucsanpham&query=them
[Sun Jun 09 15:13:46.847088 2024] [php:error] [pid 36356:tid 1928] [client ::1:57976] PHP Fatal error:  Uncaught TypeError: number_format(): Argument #1 ($num) must be of type float, string given in C:\\xampp2\\htdocs\\web_ban_do_noi_that\\bootstrap-5.3.3-dist\\pages\\main.php:59\nStack trace:\n#0 C:\\xampp2\\htdocs\\web_ban_do_noi_that\\bootstrap-5.3.3-dist\\pages\\main.php(59): number_format('8.900.000')\n#1 C:\\xampp2\\htdocs\\web_ban_do_noi_that\\bootstrap-5.3.3-dist\\index.php(30): include('C:\\\\xampp2\\\\htdoc...')\n#2 {main}\n  thrown in C:\\xampp2\\htdocs\\web_ban_do_noi_that\\bootstrap-5.3.3-dist\\pages\\main.php on line 59
[Sun Jun 09 15:14:12.295901 2024] [php:error] [pid 36356:tid 1928] [client ::1:57985] PHP Fatal error:  Uncaught TypeError: number_format(): Argument #1 ($num) must be of type float, string given in C:\\xampp2\\htdocs\\web_ban_do_noi_that\\bootstrap-5.3.3-dist\\pages\\main.php:59\nStack trace:\n#0 C:\\xampp2\\htdocs\\web_ban_do_noi_that\\bootstrap-5.3.3-dist\\pages\\main.php(59): number_format('8.900.000')\n#1 C:\\xampp2\\htdocs\\web_ban_do_noi_that\\bootstrap-5.3.3-dist\\index.php(30): include('C:\\\\xampp2\\\\htdoc...')\n#2 {main}\n  thrown in C:\\xampp2\\htdocs\\web_ban_do_noi_that\\bootstrap-5.3.3-dist\\pages\\main.php on line 59
[Sun Jun 09 15:14:14.161975 2024] [php:error] [pid 36356:tid 1896] [client ::1:57989] PHP Fatal error:  Uncaught TypeError: number_format(): Argument #1 ($num) must be of type float, string given in C:\\xampp2\\htdocs\\web_ban_do_noi_that\\bootstrap-5.3.3-dist\\pages\\main.php:59\nStack trace:\n#0 C:\\xampp2\\htdocs\\web_ban_do_noi_that\\bootstrap-5.3.3-dist\\pages\\main.php(59): number_format('8.900.000')\n#1 C:\\xampp2\\htdocs\\web_ban_do_noi_that\\bootstrap-5.3.3-dist\\index.php(30): include('C:\\\\xampp2\\\\htdoc...')\n#2 {main}\n  thrown in C:\\xampp2\\htdocs\\web_ban_do_noi_that\\bootstrap-5.3.3-dist\\pages\\main.php on line 59
[Sun Jun 09 15:14:17.943165 2024] [php:warn] [pid 36356:tid 1892] [client ::1:57984] PHP Warning:  Undefined array key "tensanpham" in C:\\xampp2\\htdocs\\web_ban_do_noi_that\\bootstrap-5.3.3-dist\\admincp\\modules\\quanlisp\\xuly.php on line 3, referer: http://localhost/web_ban_do_noi_that/bootstrap-5.3.3-dist/admincp/index.php?action=quanlisanpham&query=them
[Sun Jun 09 15:14:17.943165 2024] [php:warn] [pid 36356:tid 1892] [client ::1:57984] PHP Warning:  Undefined array key "masanpham" in C:\\xampp2\\htdocs\\web_ban_do_noi_that\\bootstrap-5.3.3-dist\\admincp\\modules\\quanlisp\\xuly.php on line 4, referer: http://localhost/web_ban_do_noi_that/bootstrap-5.3.3-dist/admincp/index.php?action=quanlisanpham&query=them
[Sun Jun 09 15:14:17.943165 2024] [php:warn] [pid 36356:tid 1892] [client ::1:57984] PHP Warning:  Undefined array key "gia" in C:\\xampp2\\htdocs\\web_ban_do_noi_that\\bootstrap-5.3.3-dist\\admincp\\modules\\quanlisp\\xuly.php on line 5, referer: http://localhost/web_ban_do_noi_that/bootstrap-5.3.3-dist/admincp/index.php?action=quanlisanpham&query=them
[Sun Jun 09 15:14:17.943165 2024] [php:warn] [pid 36356:tid 1892] [client ::1:57984] PHP Warning:  Undefined array key "soluong" in C:\\xampp2\\htdocs\\web_ban_do_noi_that\\bootstrap-5.3.3-dist\\admincp\\modules\\quanlisp\\xuly.php on line 6, referer: http://localhost/web_ban_do_noi_that/bootstrap-5.3.3-dist/admincp/index.php?action=quanlisanpham&query=them
[Sun Jun 09 15:14:17.943165 2024] [php:warn] [pid 36356:tid 1892] [client ::1:57984] PHP Warning:  Undefined array key "hinhanh" in C:\\xampp2\\htdocs\\web_ban_do_noi_that\\bootstrap-5.3.3-dist\\admincp\\modules\\quanlisp\\xuly.php on line 8, referer: http://localhost/web_ban_do_noi_that/bootstrap-5.3.3-dist/admincp/index.php?action=quanlisanpham&query=them
[Sun Jun 09 15:14:17.943165 2024] [php:warn] [pid 36356:tid 1892] [client ::1:57984] PHP Warning:  Trying to access array offset on value of type null in C:\\xampp2\\htdocs\\web_ban_do_noi_that\\bootstrap-5.3.3-dist\\admincp\\modules\\quanlisp\\xuly.php on line 8, referer: http://localhost/web_ban_do_noi_that/bootstrap-5.3.3-dist/admincp/index.php?action=quanlisanpham&query=them
[Sun Jun 09 15:14:17.943165 2024] [php:warn] [pid 36356:tid 1892] [client ::1:57984] PHP Warning:  Undefined array key "hinhanh" in C:\\xampp2\\htdocs\\web_ban_do_noi_that\\bootstrap-5.3.3-dist\\admincp\\modules\\quanlisp\\xuly.php on line 9, referer: http://localhost/web_ban_do_noi_that/bootstrap-5.3.3-dist/admincp/index.php?action=quanlisanpham&query=them
[Sun Jun 09 15:14:17.943165 2024] [php:warn] [pid 36356:tid 1892] [client ::1:57984] PHP Warning:  Trying to access array offset on value of type null in C:\\xampp2\\htdocs\\web_ban_do_noi_that\\bootstrap-5.3.3-dist\\admincp\\modules\\quanlisp\\xuly.php on line 9, referer: http://localhost/web_ban_do_noi_that/bootstrap-5.3.3-dist/admincp/index.php?action=quanlisanpham&query=them
[Sun Jun 09 15:14:17.943165 2024] [php:warn] [pid 36356:tid 1892] [client ::1:57984] PHP Warning:  Undefined array key "mota" in C:\\xampp2\\htdocs\\web_ban_do_noi_that\\bootstrap-5.3.3-dist\\admincp\\modules\\quanlisp\\xuly.php on line 12, referer: http://localhost/web_ban_do_noi_that/bootstrap-5.3.3-dist/admincp/index.php?action=quanlisanpham&query=them
[Sun Jun 09 15:14:17.943165 2024] [php:warn] [pid 36356:tid 1892] [client ::1:57984] PHP Warning:  Undefined array key "noidung" in C:\\xampp2\\htdocs\\web_ban_do_noi_that\\bootstrap-5.3.3-dist\\admincp\\modules\\quanlisp\\xuly.php on line 13, referer: http://localhost/web_ban_do_noi_that/bootstrap-5.3.3-dist/admincp/index.php?action=quanlisanpham&query=them
[Sun Jun 09 15:14:17.943165 2024] [php:warn] [pid 36356:tid 1892] [client ::1:57984] PHP Warning:  Undefined array key "tinhtrang" in C:\\xampp2\\htdocs\\web_ban_do_noi_that\\bootstrap-5.3.3-dist\\admincp\\modules\\quanlisp\\xuly.php on line 14, referer: http://localhost/web_ban_do_noi_that/bootstrap-5.3.3-dist/admincp/index.php?action=quanlisanpham&query=them
[Sun Jun 09 15:14:17.943165 2024] [php:warn] [pid 36356:tid 1892] [client ::1:57984] PHP Warning:  Undefined array key "danhmucsanpham" in C:\\xampp2\\htdocs\\web_ban_do_noi_that\\bootstrap-5.3.3-dist\\admincp\\modules\\quanlisp\\xuly.php on line 15, referer: http://localhost/web_ban_do_noi_that/bootstrap-5.3.3-dist/admincp/index.php?action=quanlisanpham&query=them
[Sun Jun 09 20:06:14.510792 2024] [ssl:warn] [pid 32556:tid 392] AH01909: www.example.com:443:0 server certificate does NOT include an ID which matches the server name
[Sun Jun 09 20:06:14.542123 2024] [core:warn] [pid 32556:tid 392] AH00098: pid file C:/xampp2/apache/logs/httpd.pid overwritten -- Unclean shutdown of previous Apache run?
[Sun Jun 09 20:06:14.544277 2024] [ssl:warn] [pid 32556:tid 392] AH01909: www.example.com:443:0 server certificate does NOT include an ID which matches the server name
[Sun Jun 09 20:06:14.646332 2024] [mpm_winnt:notice] [pid 32556:tid 392] AH00455: Apache/2.4.58 (Win64) OpenSSL/3.1.3 PHP/8.2.12 configured -- resuming normal operations
[Sun Jun 09 20:06:14.646332 2024] [mpm_winnt:notice] [pid 32556:tid 392] AH00456: Apache Lounge VS17 Server built: Oct 18 2023 13:03:18
[Sun Jun 09 20:06:14.646332 2024] [core:notice] [pid 32556:tid 392] AH00094: Command line: 'd:\\xampp2\\apache\\bin\\httpd.exe -d D:/xampp2/apache'
[Sun Jun 09 20:06:14.651561 2024] [mpm_winnt:notice] [pid 32556:tid 392] AH00418: Parent: Created child process 25688
[Sun Jun 09 20:06:14.965047 2024] [ssl:warn] [pid 25688:tid 392] AH01909: www.example.com:443:0 server certificate does NOT include an ID which matches the server name
[Sun Jun 09 20:06:14.990350 2024] [ssl:warn] [pid 25688:tid 392] AH01909: www.example.com:443:0 server certificate does NOT include an ID which matches the server name
[Sun Jun 09 20:06:15.017418 2024] [mpm_winnt:notice] [pid 25688:tid 392] AH00354: Child: Starting 150 worker threads.
[Sun Jun 09 20:06:58.537527 2024] [mpm_winnt:crit] [pid 25688:tid 392] AH02538: Child: Parent process exited abruptly. Child process is ending
[Sun Jun 09 20:19:29.667883 2024] [ssl:warn] [pid 27476:tid 368] AH01909: www.example.com:443:0 server certificate does NOT include an ID which matches the server name
[Sun Jun 09 20:19:29.699015 2024] [core:warn] [pid 27476:tid 368] AH00098: pid file C:/xampp2/apache/logs/httpd.pid overwritten -- Unclean shutdown of previous Apache run?
[Sun Jun 09 20:19:29.699015 2024] [ssl:warn] [pid 27476:tid 368] AH01909: www.example.com:443:0 server certificate does NOT include an ID which matches the server name
[Sun Jun 09 20:19:29.793501 2024] [mpm_winnt:notice] [pid 27476:tid 368] AH00455: Apache/2.4.58 (Win64) OpenSSL/3.1.3 PHP/8.2.12 configured -- resuming normal operations
[Sun Jun 09 20:19:29.793501 2024] [mpm_winnt:notice] [pid 27476:tid 368] AH00456: Apache Lounge VS17 Server built: Oct 18 2023 13:03:18
[Sun Jun 09 20:19:29.793501 2024] [core:notice] [pid 27476:tid 368] AH00094: Command line: 'd:\\xampp2\\apache\\bin\\httpd.exe -d D:/xampp2/apache'
[Sun Jun 09 20:19:29.809129 2024] [mpm_winnt:notice] [pid 27476:tid 368] AH00418: Parent: Created child process 11516
[Sun Jun 09 20:19:29.997793 2024] [ssl:warn] [pid 11516:tid 388] AH01909: www.example.com:443:0 server certificate does NOT include an ID which matches the server name
[Sun Jun 09 20:19:30.029046 2024] [ssl:warn] [pid 11516:tid 388] AH01909: www.example.com:443:0 server certificate does NOT include an ID which matches the server name
[Sun Jun 09 20:19:30.045843 2024] [mpm_winnt:notice] [pid 11516:tid 388] AH00354: Child: Starting 150 worker threads.
[Sun Jun 09 20:23:12.589824 2024] [mpm_winnt:crit] [pid 11516:tid 388] AH02538: Child: Parent process exited abruptly. Child process is ending
