2024-06-08 19:00:30 0 [Note] Starting MariaDB 10.4.32-MariaDB source revision c4143f909528e3fab0677a28631d10389354c491 as process 27936
2024-06-08 19:00:30 0 [Note] InnoDB: Mutexes and rw_locks use Windows interlocked functions
2024-06-08 19:00:30 0 [Note] InnoDB: Uses event mutexes
2024-06-08 19:00:30 0 [Note] InnoDB: Compressed tables use zlib 1.3
2024-06-08 19:00:30 0 [Note] InnoDB: Number of pools: 1
2024-06-08 19:00:30 0 [Note] InnoDB: Using SSE2 crc32 instructions
2024-06-08 19:00:30 0 [Note] InnoDB: Initializing buffer pool, total size = 16M, instances = 1, chunk size = 16M
2024-06-08 19:00:30 0 [Note] InnoDB: Completed initialization of buffer pool
2024-06-08 19:00:30 0 [Note] InnoDB: Starting crash recovery from checkpoint LSN=300288
2024-06-08 19:00:30 0 [Note] InnoDB: 128 out of 128 rollback segments are active.
2024-06-08 19:00:30 0 [Note] InnoDB: Removed temporary tablespace data file: "ibtmp1"
2024-06-08 19:00:30 0 [Note] InnoDB: Creating shared tablespace for temporary tables
2024-06-08 19:00:30 0 [Note] InnoDB: Setting file 'C:\xampp2\mysql\data\ibtmp1' size to 12 MB. Physically writing the file full; Please wait ...
2024-06-08 19:00:30 0 [Note] InnoDB: File 'C:\xampp2\mysql\data\ibtmp1' size is now 12 MB.
2024-06-08 19:00:30 0 [Note] InnoDB: Waiting for purge to start
2024-06-08 19:00:30 0 [Note] InnoDB: 10.4.32 started; log sequence number 300297; transaction id 170
2024-06-08 19:00:30 0 [Note] Plugin 'FEEDBACK' is disabled.
2024-06-08 19:00:30 0 [Note] InnoDB: Loading buffer pool(s) from C:\xampp2\mysql\data\ib_buffer_pool
2024-06-08 19:00:30 0 [Note] Server socket created on IP: '::'.
2024-06-08 19:03:38 0 [Note] Starting MariaDB 10.4.32-MariaDB source revision c4143f909528e3fab0677a28631d10389354c491 as process 37852
2024-06-08 19:03:38 0 [Note] InnoDB: Mutexes and rw_locks use Windows interlocked functions
2024-06-08 19:03:38 0 [Note] InnoDB: Uses event mutexes
2024-06-08 19:03:38 0 [Note] InnoDB: Compressed tables use zlib 1.3
2024-06-08 19:03:38 0 [Note] InnoDB: Number of pools: 1
2024-06-08 19:03:38 0 [Note] InnoDB: Using SSE2 crc32 instructions
2024-06-08 19:03:38 0 [Note] InnoDB: Initializing buffer pool, total size = 16M, instances = 1, chunk size = 16M
2024-06-08 19:03:38 0 [Note] InnoDB: Completed initialization of buffer pool
2024-06-08 19:03:38 0 [Note] InnoDB: Starting crash recovery from checkpoint LSN=300638
2024-06-08 19:03:38 0 [Note] InnoDB: 128 out of 128 rollback segments are active.
2024-06-08 19:03:38 0 [Note] InnoDB: Removed temporary tablespace data file: "ibtmp1"
2024-06-08 19:03:38 0 [Note] InnoDB: Creating shared tablespace for temporary tables
2024-06-08 19:03:38 0 [Note] InnoDB: Setting file 'C:\xampp2\mysql\data\ibtmp1' size to 12 MB. Physically writing the file full; Please wait ...
2024-06-08 19:03:38 0 [Note] InnoDB: File 'C:\xampp2\mysql\data\ibtmp1' size is now 12 MB.
2024-06-08 19:03:38 0 [Note] InnoDB: Waiting for purge to start
2024-06-08 19:03:38 0 [Note] InnoDB: 10.4.32 started; log sequence number 300647; transaction id 193
2024-06-08 19:03:38 0 [Note] InnoDB: Loading buffer pool(s) from C:\xampp2\mysql\data\ib_buffer_pool
2024-06-08 19:03:38 0 [Note] Plugin 'FEEDBACK' is disabled.
2024-06-08 19:03:38 0 [Note] Server socket created on IP: '::'.
2024-06-08 19:05:38 0 [Note] Starting MariaDB 10.4.32-MariaDB source revision c4143f909528e3fab0677a28631d10389354c491 as process 19924
2024-06-08 19:05:38 0 [Note] InnoDB: Mutexes and rw_locks use Windows interlocked functions
2024-06-08 19:05:38 0 [Note] InnoDB: Uses event mutexes
2024-06-08 19:05:38 0 [Note] InnoDB: Compressed tables use zlib 1.3
2024-06-08 19:05:38 0 [Note] InnoDB: Number of pools: 1
2024-06-08 19:05:38 0 [Note] InnoDB: Using SSE2 crc32 instructions
2024-06-08 19:05:38 0 [Note] InnoDB: Initializing buffer pool, total size = 16M, instances = 1, chunk size = 16M
2024-06-08 19:05:38 0 [Note] InnoDB: Completed initialization of buffer pool
2024-06-08 19:05:38 0 [Note] InnoDB: Starting crash recovery from checkpoint LSN=304167
2024-06-08 19:05:39 0 [Note] InnoDB: 128 out of 128 rollback segments are active.
2024-06-08 19:05:39 0 [Note] InnoDB: Removed temporary tablespace data file: "ibtmp1"
2024-06-08 19:05:39 0 [Note] InnoDB: Creating shared tablespace for temporary tables
2024-06-08 19:05:39 0 [Note] InnoDB: Setting file 'C:\xampp2\mysql\data\ibtmp1' size to 12 MB. Physically writing the file full; Please wait ...
2024-06-08 19:05:39 0 [Note] InnoDB: File 'C:\xampp2\mysql\data\ibtmp1' size is now 12 MB.
2024-06-08 19:05:39 0 [Note] InnoDB: Waiting for purge to start
2024-06-08 19:05:39 0 [Note] InnoDB: 10.4.32 started; log sequence number 304176; transaction id 216
2024-06-08 19:05:39 0 [Note] InnoDB: Loading buffer pool(s) from C:\xampp2\mysql\data\ib_buffer_pool
2024-06-08 19:05:39 0 [Note] Plugin 'FEEDBACK' is disabled.
2024-06-08 19:05:39 0 [Note] Server socket created on IP: '::'.
2024-06-09 14:57:23 0 [Note] Starting MariaDB 10.4.32-MariaDB source revision c4143f909528e3fab0677a28631d10389354c491 as process 27032
2024-06-09 14:57:23 0 [Note] InnoDB: Mutexes and rw_locks use Windows interlocked functions
2024-06-09 14:57:23 0 [Note] InnoDB: Uses event mutexes
2024-06-09 14:57:23 0 [Note] InnoDB: Compressed tables use zlib 1.3
2024-06-09 14:57:23 0 [Note] InnoDB: Number of pools: 1
2024-06-09 14:57:23 0 [Note] InnoDB: Using SSE2 crc32 instructions
2024-06-09 14:57:23 0 [Note] InnoDB: Initializing buffer pool, total size = 16M, instances = 1, chunk size = 16M
2024-06-09 14:57:23 0 [Note] InnoDB: Completed initialization of buffer pool
2024-06-09 14:57:23 0 [Note] InnoDB: Starting crash recovery from checkpoint LSN=328911
2024-06-09 14:57:24 0 [Note] InnoDB: 128 out of 128 rollback segments are active.
2024-06-09 14:57:24 0 [Note] InnoDB: Removed temporary tablespace data file: "ibtmp1"
2024-06-09 14:57:24 0 [Note] InnoDB: Creating shared tablespace for temporary tables
2024-06-09 14:57:24 0 [Note] InnoDB: Setting file 'C:\xampp2\mysql\data\ibtmp1' size to 12 MB. Physically writing the file full; Please wait ...
2024-06-09 14:57:24 0 [Note] InnoDB: File 'C:\xampp2\mysql\data\ibtmp1' size is now 12 MB.
2024-06-09 14:57:24 0 [Note] InnoDB: Waiting for purge to start
2024-06-09 14:57:24 0 [Note] InnoDB: 10.4.32 started; log sequence number 328920; transaction id 306
2024-06-09 14:57:24 0 [Note] Plugin 'FEEDBACK' is disabled.
2024-06-09 14:57:24 0 [Note] InnoDB: Loading buffer pool(s) from C:\xampp2\mysql\data\ib_buffer_pool
2024-06-09 14:57:24 0 [Note] InnoDB: Buffer pool(s) load completed at 240609 14:57:24
2024-06-09 14:57:24 0 [Note] Server socket created on IP: '::'.
2024-06-09 15:03:39 0 [Note] Starting MariaDB 10.4.32-MariaDB source revision c4143f909528e3fab0677a28631d10389354c491 as process 9680
2024-06-09 15:03:39 0 [Note] InnoDB: Mutexes and rw_locks use Windows interlocked functions
2024-06-09 15:03:39 0 [Note] InnoDB: Uses event mutexes
2024-06-09 15:03:39 0 [Note] InnoDB: Compressed tables use zlib 1.3
2024-06-09 15:03:39 0 [Note] InnoDB: Number of pools: 1
2024-06-09 15:03:39 0 [Note] InnoDB: Using SSE2 crc32 instructions
2024-06-09 15:03:39 0 [Note] InnoDB: Initializing buffer pool, total size = 16M, instances = 1, chunk size = 16M
2024-06-09 15:03:39 0 [Note] InnoDB: Completed initialization of buffer pool
2024-06-09 15:03:39 0 [Note] InnoDB: Starting crash recovery from checkpoint LSN=330398
2024-06-09 15:03:39 0 [Note] InnoDB: 128 out of 128 rollback segments are active.
2024-06-09 15:03:39 0 [Note] InnoDB: Removed temporary tablespace data file: "ibtmp1"
2024-06-09 15:03:39 0 [Note] InnoDB: Creating shared tablespace for temporary tables
2024-06-09 15:03:39 0 [Note] InnoDB: Setting file 'C:\xampp2\mysql\data\ibtmp1' size to 12 MB. Physically writing the file full; Please wait ...
2024-06-09 15:03:39 0 [Note] InnoDB: File 'C:\xampp2\mysql\data\ibtmp1' size is now 12 MB.
2024-06-09 15:03:39 0 [Note] InnoDB: Waiting for purge to start
2024-06-09 15:03:39 0 [Note] InnoDB: 10.4.32 started; log sequence number 330407; transaction id 336
2024-06-09 15:03:39 0 [Note] InnoDB: Loading buffer pool(s) from C:\xampp2\mysql\data\ib_buffer_pool
2024-06-09 15:03:39 0 [Note] Plugin 'FEEDBACK' is disabled.
2024-06-09 15:03:39 0 [Note] Server socket created on IP: '::'.
2024-06-09 15:05:22 0 [Note] Starting MariaDB 10.4.32-MariaDB source revision c4143f909528e3fab0677a28631d10389354c491 as process 20572
2024-06-09 15:05:22 0 [Note] InnoDB: Mutexes and rw_locks use Windows interlocked functions
2024-06-09 15:05:22 0 [Note] InnoDB: Uses event mutexes
2024-06-09 15:05:22 0 [Note] InnoDB: Compressed tables use zlib 1.3
2024-06-09 15:05:22 0 [Note] InnoDB: Number of pools: 1
2024-06-09 15:05:22 0 [Note] InnoDB: Using SSE2 crc32 instructions
2024-06-09 15:05:22 0 [Note] InnoDB: Initializing buffer pool, total size = 16M, instances = 1, chunk size = 16M
2024-06-09 15:05:22 0 [Note] InnoDB: Completed initialization of buffer pool
2024-06-09 15:05:22 0 [Note] InnoDB: Starting crash recovery from checkpoint LSN=331122
2024-06-09 15:05:22 0 [Note] InnoDB: 128 out of 128 rollback segments are active.
2024-06-09 15:05:22 0 [Note] InnoDB: Removed temporary tablespace data file: "ibtmp1"
2024-06-09 15:05:22 0 [Note] InnoDB: Creating shared tablespace for temporary tables
2024-06-09 15:05:22 0 [Note] InnoDB: Setting file 'C:\xampp2\mysql\data\ibtmp1' size to 12 MB. Physically writing the file full; Please wait ...
2024-06-09 15:05:22 0 [Note] InnoDB: File 'C:\xampp2\mysql\data\ibtmp1' size is now 12 MB.
2024-06-09 15:05:22 0 [Note] InnoDB: Waiting for purge to start
2024-06-09 15:05:22 0 [Note] InnoDB: 10.4.32 started; log sequence number 331131; transaction id 362
2024-06-09 15:05:22 0 [Note] InnoDB: Loading buffer pool(s) from C:\xampp2\mysql\data\ib_buffer_pool
2024-06-09 15:05:22 0 [Note] Plugin 'FEEDBACK' is disabled.
2024-06-09 15:05:22 0 [Note] Server socket created on IP: '::'.
2024-06-09 15:10:54 0 [Note] Starting MariaDB 10.4.32-MariaDB source revision c4143f909528e3fab0677a28631d10389354c491 as process 21492
2024-06-09 15:10:54 0 [Note] InnoDB: Mutexes and rw_locks use Windows interlocked functions
2024-06-09 15:10:54 0 [Note] InnoDB: Uses event mutexes
2024-06-09 15:10:54 0 [Note] InnoDB: Compressed tables use zlib 1.3
2024-06-09 15:10:54 0 [Note] InnoDB: Number of pools: 1
2024-06-09 15:10:54 0 [Note] InnoDB: Using SSE2 crc32 instructions
2024-06-09 15:10:54 0 [Note] InnoDB: Initializing buffer pool, total size = 16M, instances = 1, chunk size = 16M
2024-06-09 15:10:54 0 [Note] InnoDB: Completed initialization of buffer pool
2024-06-09 15:10:54 0 [Note] InnoDB: Starting crash recovery from checkpoint LSN=331988
2024-06-09 15:10:54 0 [Note] InnoDB: 128 out of 128 rollback segments are active.
2024-06-09 15:10:54 0 [Note] InnoDB: Removed temporary tablespace data file: "ibtmp1"
2024-06-09 15:10:54 0 [Note] InnoDB: Creating shared tablespace for temporary tables
2024-06-09 15:10:54 0 [Note] InnoDB: Setting file 'C:\xampp2\mysql\data\ibtmp1' size to 12 MB. Physically writing the file full; Please wait ...
2024-06-09 15:10:54 0 [Note] InnoDB: File 'C:\xampp2\mysql\data\ibtmp1' size is now 12 MB.
2024-06-09 15:10:54 0 [Note] InnoDB: Waiting for purge to start
2024-06-09 15:10:54 0 [Note] InnoDB: 10.4.32 started; log sequence number 331997; transaction id 388
2024-06-09 15:10:54 0 [Note] InnoDB: Loading buffer pool(s) from C:\xampp2\mysql\data\ib_buffer_pool
2024-06-09 15:10:54 0 [Note] Plugin 'FEEDBACK' is disabled.
2024-06-09 15:10:54 0 [Note] Server socket created on IP: '::'.
2024-06-09 20:06:20 0 [Note] Starting MariaDB 10.4.32-MariaDB source revision c4143f909528e3fab0677a28631d10389354c491 as process 15700
2024-06-09 20:06:20 0 [Note] InnoDB: Mutexes and rw_locks use Windows interlocked functions
2024-06-09 20:06:20 0 [Note] InnoDB: Uses event mutexes
2024-06-09 20:06:20 0 [Note] InnoDB: Compressed tables use zlib 1.3
2024-06-09 20:06:20 0 [Note] InnoDB: Number of pools: 1
2024-06-09 20:06:20 0 [Note] InnoDB: Using SSE2 crc32 instructions
2024-06-09 20:06:20 0 [Note] InnoDB: Initializing buffer pool, total size = 16M, instances = 1, chunk size = 16M
2024-06-09 20:06:20 0 [Note] InnoDB: Completed initialization of buffer pool
2024-06-09 20:06:20 0 [Note] InnoDB: Starting crash recovery from checkpoint LSN=342463
2024-06-09 20:06:20 0 [Note] InnoDB: 128 out of 128 rollback segments are active.
2024-06-09 20:06:20 0 [Note] InnoDB: Removed temporary tablespace data file: "ibtmp1"
2024-06-09 20:06:20 0 [Note] InnoDB: Creating shared tablespace for temporary tables
2024-06-09 20:06:20 0 [Note] InnoDB: Setting file 'C:\xampp2\mysql\data\ibtmp1' size to 12 MB. Physically writing the file full; Please wait ...
2024-06-09 20:06:20 0 [Note] InnoDB: File 'C:\xampp2\mysql\data\ibtmp1' size is now 12 MB.
2024-06-09 20:06:20 0 [Note] InnoDB: Waiting for purge to start
2024-06-09 20:06:20 0 [Note] InnoDB: 10.4.32 started; log sequence number 342472; transaction id 430
2024-06-09 20:06:20 0 [Note] InnoDB: Loading buffer pool(s) from C:\xampp2\mysql\data\ib_buffer_pool
2024-06-09 20:06:20 0 [Note] Plugin 'FEEDBACK' is disabled.
2024-06-09 20:06:20 0 [Note] Server socket created on IP: '::'.
2024-06-09 20:06:20 0 [Note] InnoD2024-06-09 20:19:32 0 [Note] Starting MariaDB 10.4.32-MariaDB source revision c4143f909528e3fab0677a28631d10389354c491 as process 36136
2024-06-09 20:19:32 0 [Note] InnoDB: Mutexes and rw_locks use Windows interlocked functions
2024-06-09 20:19:32 0 [Note] InnoDB: Uses event mutexes
2024-06-09 20:19:32 0 [Note] InnoDB: Compressed tables use zlib 1.3
2024-06-09 20:19:32 0 [Note] InnoDB: Number of pools: 1
2024-06-09 20:19:32 0 [Note] InnoDB: Using SSE2 crc32 instructions
2024-06-09 20:19:32 0 [Note] InnoDB: Initializing buffer pool, total size = 16M, instances = 1, chunk size = 16M
2024-06-09 20:19:32 0 [Note] InnoDB: Completed initialization of buffer pool
2024-06-09 20:19:32 0 [Note] InnoDB: Starting crash recovery from checkpoint LSN=342481
2024-06-09 20:19:32 0 [Note] InnoDB: 128 out of 128 rollback segments are active.
2024-06-09 20:19:32 0 [Note] InnoDB: Removed temporary tablespace data file: "ibtmp1"
2024-06-09 20:19:32 0 [Note] InnoDB: Creating shared tablespace for temporary tables
2024-06-09 20:19:32 0 [Note] InnoDB: Setting file 'C:\xampp2\mysql\data\ibtmp1' size to 12 MB. Physically writing the file full; Please wait ...
2024-06-09 20:19:32 0 [Note] InnoDB: File 'C:\xampp2\mysql\data\ibtmp1' size is now 12 MB.
2024-06-09 20:19:32 0 [Note] InnoDB: Waiting for purge to start
2024-06-09 20:19:32 0 [Note] InnoDB: 10.4.32 started; log sequence number 342490; transaction id 430
2024-06-09 20:19:32 0 [Note] InnoDB: Loading buffer pool(s) from C:\xampp2\mysql\data\ib_buffer_pool
2024-06-09 20:19:32 0 [Note] Plugin 'FEEDBACK' is disabled.
2024-06-09 20:19:32 0 [Note] Server socket created on IP: '::'.
